<?xml version="1.0" encoding="UTF-8"?>
<!-- Generated by org.testng.reporters.JUnitXMLReporter -->
<testsuite ignored="0" hostname="LAPTOP-LP9QG413" failures="0" tests="5" name="Test" time="0.053" errors="0" timestamp="2021-03-11T10:39:37 EST">
  <testcase classname="shooping.amazon.AddToCartTest" name="addtocart" time="0.002"/>
  <testcase classname="shooping.amazon.AddToCartTest" name="addtocart" time="0.001"/>
  <testcase classname="shooping.amazon.AddToCartTest" name="addtocart" time="0.0"/>
  <testcase classname="shooping.amazon.AddToCartTest" name="addtocart" time="0.0"/>
  <testcase classname="shooping.amazon.AddToCartTest" name="addtocart" time="0.0"/>
</testsuite> <!-- Test -->
